<?xml version="1.0" encoding="UTF-8"?>
<!-- Generated by org.testng.reporters.JUnitXMLReporter -->
<testsuite ignored="2" hostname="LTIN620239" failures="0" tests="1" name="DisplayNames" time="32.196" errors="0" timestamp="2025-07-04T12:12:04 IST">
  <testcase classname="testCase.TC_003_GiftCardSectionValidation" name="validation" time="13.257"/>
  <testcase classname="testBase.BaseClass" name="@AfterTest tearDown" time="0.0">
    <ignored/>
  </testcase> <!-- @AfterTest tearDown -->
  <testcase classname="testBase.BaseClass" name="@BeforeTest setup" time="0.0">
    <ignored/>
  </testcase> <!-- @BeforeTest setup -->
</testsuite> <!-- DisplayNames -->
