<?xml version="1.0" encoding="UTF-8"?>
<testng-results ignored="0" total="1" passed="1" failed="0" skipped="0">
  <reporter-output>
  </reporter-output>
  <suite started-at="2025-07-04T12:07:46 IST" name="Suite" finished-at="2025-07-04T12:08:05 IST" duration-ms="18613">
    <groups>
    </groups>
    <test started-at="2025-07-04T12:07:46 IST" name="Test" finished-at="2025-07-04T12:08:05 IST" duration-ms="18613">
      <class name="testCase.TC_002_RetriveSubMenuItems">
        <test-method is-config="true" signature="setup()[pri:0, instance:testCase.TC_002_RetriveSubMenuItems@6ee6f53]" started-at="2025-07-04T12:07:46 IST" name="setup" finished-at="2025-07-04T12:07:59 IST" duration-ms="12517" status="PASS">
          <reporter-output>
          </reporter-output>
        </test-method> <!-- setup -->
        <test-method signature="method()[pri:0, instance:testCase.TC_002_RetriveSubMenuItems@6ee6f53]" started-at="2025-07-04T12:07:59 IST" name="method" finished-at="2025-07-04T12:08:05 IST" duration-ms="5979" status="PASS">
          <reporter-output>
          </reporter-output>
        </test-method> <!-- method -->
      </class> <!-- testCase.TC_002_RetriveSubMenuItems -->
    </test> <!-- Test -->
  </suite> <!-- Suite -->
</testng-results>
