<?xml version="1.0" encoding="UTF-8"?>
<testng-results ignored="0" total="3" passed="2" failed="1" skipped="0">
  <reporter-output>
  </reporter-output>
  <suite started-at="2025-07-08T18:03:20 IST" name="Suite" finished-at="2025-07-08T18:04:17 IST" duration-ms="56498">
    <groups>
    </groups>
    <test started-at="2025-07-08T18:03:20 IST" name="Test1" finished-at="2025-07-08T18:04:17 IST" duration-ms="56498">
      <class name="testCase.TC_002_RetriveSubMenuItems">
        <test-method is-config="true" signature="setup()[pri:0, instance:testCase.TC_002_RetriveSubMenuItems@7776ab]" started-at="2025-07-08T18:03:42 IST" name="setup" finished-at="2025-07-08T18:03:50 IST" duration-ms="7709" status="PASS">
          <reporter-output>
          </reporter-output>
        </test-method> <!-- setup -->
        <test-method signature="method()[pri:2, instance:testCase.TC_002_RetriveSubMenuItems@7776ab]" started-at="2025-07-08T18:03:50 IST" name="method" finished-at="2025-07-08T18:03:53 IST" duration-ms="3165" status="PASS">
          <reporter-output>
          </reporter-output>
        </test-method> <!-- method -->
        <test-method is-config="true" signature="tearDown()[pri:0, instance:testCase.TC_002_RetriveSubMenuItems@7776ab]" started-at="2025-07-08T18:03:53 IST" name="tearDown" finished-at="2025-07-08T18:03:57 IST" duration-ms="3477" status="PASS">
          <reporter-output>
          </reporter-output>
        </test-method> <!-- tearDown -->
      </class> <!-- testCase.TC_002_RetriveSubMenuItems -->
      <class name="testCase.TC_001_DisplayNameAndPrice">
        <test-method is-config="true" signature="setup()[pri:0, instance:testCase.TC_001_DisplayNameAndPrice@40238dd0]" started-at="2025-07-08T18:03:20 IST" name="setup" finished-at="2025-07-08T18:03:29 IST" duration-ms="8241" status="PASS">
          <reporter-output>
          </reporter-output>
        </test-method> <!-- setup -->
        <test-method signature="method()[pri:1, instance:testCase.TC_001_DisplayNameAndPrice@40238dd0]" started-at="2025-07-08T18:03:29 IST" name="method" finished-at="2025-07-08T18:03:37 IST" duration-ms="8392" status="FAIL">
          <exception class="java.lang.AssertionError">
            <message>
              <![CDATA[null]]>
            </message>
            <full-stacktrace>
              <![CDATA[java.lang.AssertionError: null
at org.testng.Assert.fail(Assert.java:111)
at org.testng.Assert.fail(Assert.java:116)
at testCase.TC_001_DisplayNameAndPrice.method(TC_001_DisplayNameAndPrice.java:43)
at java.base/jdk.internal.reflect.DirectMethodHandleAccessor.invoke(DirectMethodHandleAccessor.java:103)
at java.base/java.lang.reflect.Method.invoke(Method.java:580)
at org.testng.internal.invokers.MethodInvocationHelper.invokeMethod(MethodInvocationHelper.java:141)
at org.testng.internal.invokers.TestInvoker.invokeMethod(TestInvoker.java:687)
at org.testng.internal.invokers.TestInvoker.invokeTestMethod(TestInvoker.java:230)
at org.testng.internal.invokers.MethodRunner.runInSequence(MethodRunner.java:63)
at org.testng.internal.invokers.TestInvoker$MethodInvocationAgent.invoke(TestInvoker.java:995)
at org.testng.internal.invokers.TestInvoker.invokeTestMethods(TestInvoker.java:203)
at org.testng.internal.invokers.TestMethodWorker.invokeTestMethods(TestMethodWorker.java:154)
at org.testng.internal.invokers.TestMethodWorker.run(TestMethodWorker.java:134)
at java.base/java.util.ArrayList.forEach(ArrayList.java:1596)
at org.testng.TestRunner.privateRun(TestRunner.java:741)
at org.testng.TestRunner.run(TestRunner.java:616)
at org.testng.SuiteRunner.runTest(SuiteRunner.java:421)
at org.testng.SuiteRunner.runSequentially(SuiteRunner.java:413)
at org.testng.SuiteRunner.privateRun(SuiteRunner.java:373)
at org.testng.SuiteRunner.run(SuiteRunner.java:312)
at org.testng.SuiteRunnerWorker.runSuite(SuiteRunnerWorker.java:52)
at org.testng.SuiteRunnerWorker.run(SuiteRunnerWorker.java:95)
at org.testng.TestNG.runSuitesSequentially(TestNG.java:1274)
at org.testng.TestNG.runSuitesLocally(TestNG.java:1208)
at org.testng.TestNG.runSuites(TestNG.java:1112)
at org.testng.TestNG.run(TestNG.java:1079)
at org.testng.remote.AbstractRemoteTestNG.run(AbstractRemoteTestNG.java:115)
at org.testng.remote.RemoteTestNG.initAndRun(RemoteTestNG.java:293)
at org.testng.remote.RemoteTestNG.main(RemoteTestNG.java:91)
]]>
            </full-stacktrace>
          </exception> <!-- java.lang.AssertionError -->
          <reporter-output>
          </reporter-output>
        </test-method> <!-- method -->
        <test-method is-config="true" signature="tearDown()[pri:0, instance:testCase.TC_001_DisplayNameAndPrice@40238dd0]" started-at="2025-07-08T18:03:37 IST" name="tearDown" finished-at="2025-07-08T18:03:42 IST" duration-ms="4977" status="PASS">
          <reporter-output>
          </reporter-output>
        </test-method> <!-- tearDown -->
      </class> <!-- testCase.TC_001_DisplayNameAndPrice -->
      <class name="testCase.TC_003_GiftCardSectionValidation">
        <test-method is-config="true" signature="setup()[pri:0, instance:testCase.TC_003_GiftCardSectionValidation@79179359]" started-at="2025-07-08T18:03:57 IST" name="setup" finished-at="2025-07-08T18:04:04 IST" duration-ms="6876" status="PASS">
          <reporter-output>
          </reporter-output>
        </test-method> <!-- setup -->
        <test-method signature="validation()[pri:3, instance:testCase.TC_003_GiftCardSectionValidation@79179359]" started-at="2025-07-08T18:04:04 IST" name="validation" finished-at="2025-07-08T18:04:13 IST" duration-ms="9352" status="PASS">
          <reporter-output>
          </reporter-output>
        </test-method> <!-- validation -->
        <test-method is-config="true" signature="tearDown()[pri:0, instance:testCase.TC_003_GiftCardSectionValidation@79179359]" started-at="2025-07-08T18:04:13 IST" name="tearDown" finished-at="2025-07-08T18:04:17 IST" duration-ms="3807" status="PASS">
          <reporter-output>
          </reporter-output>
        </test-method> <!-- tearDown -->
      </class> <!-- testCase.TC_003_GiftCardSectionValidation -->
    </test> <!-- Test1 -->
  </suite> <!-- Suite -->
</testng-results>
